0 info it worked if it ends with ok
1 verbose cli [ 'E:\\software\\nodejs\\nodejs\\node.exe',
1 verbose cli   'E:\\software\\nodejs\\nodejs\\node_modules\\npm\\bin\\npm-cli.js',
1 verbose cli   'install',
1 verbose cli   './models/user.js' ]
2 info using npm@3.10.10
3 info using node@v6.11.2
4 silly loadCurrentTree Starting
5 silly install loadCurrentTree
6 silly install readLocalPackageData
7 silly fetchPackageMetaData ./models/user.js
8 silly fetchOtherPackageData ./models/user.js
9 silly cache add args [ './models/user.js', null ]
10 verbose cache add spec ./models/user.js
11 silly cache add parsed spec Result {
11 silly cache add   raw: './models/user.js',
11 silly cache add   scope: null,
11 silly cache add   escapedName: null,
11 silly cache add   name: null,
11 silly cache add   rawSpec: './models/user.js',
11 silly cache add   spec: 'E:\\software\\WebStorm 10.0.4\\WebstormProjects\\nodejs\\models\\user.js',
11 silly cache add   type: 'local' }
12 silly addLocalTarball shasum (computed) 816cd83c197a1fc85048b26fc26950000c35d134
13 verbose addTmpTarball E:\software\WebStorm 10.0.4\WebstormProjects\nodejs\models\user.js not in flight; adding
14 verbose correctMkdir C:\Users\lizhihui\AppData\Roaming\npm-cache correctMkdir not in flight; initializing
15 verbose addTmpTarball validating metadata from E:\software\WebStorm 10.0.4\WebstormProjects\nodejs\models\user.js
16 verbose tar unpack E:\software\WebStorm 10.0.4\WebstormProjects\nodejs\models\user.js
17 verbose tar unpacking to C:\Users\lizhihui\AppData\Local\Temp\npm-4704-471ed1e3\unpack-b2ce964e
18 silly gentlyRm C:\Users\lizhihui\AppData\Local\Temp\npm-4704-471ed1e3\unpack-b2ce964e is being purged
19 verbose gentlyRm don't care about contents; nuking C:\Users\lizhihui\AppData\Local\Temp\npm-4704-471ed1e3\unpack-b2ce964e
20 silly gunzTarPerm modes [ '777', '666' ]
21 error not a package E:\software\WebStorm 10.0.4\WebstormProjects\nodejs\models\user.js
22 error addLocal Could not install E:\software\WebStorm 10.0.4\WebstormProjects\nodejs\models\user.js
23 silly fetchPackageMetaData Error: ENOENT: no such file or directory, open 'C:\Users\lizhihui\AppData\Local\Temp\npm-4704-471ed1e3\unpack-b2ce964e\package.json'
23 silly fetchPackageMetaData     at Error (native)
23 silly fetchPackageMetaData  error for ./models/user.js { Error: ENOENT: no such file or directory, open 'C:\Users\lizhihui\AppData\Local\Temp\npm-4704-471ed1e3\unpack-b2ce964e\package.json'
23 silly fetchPackageMetaData     at Error (native)
23 silly fetchPackageMetaData   errno: -4058,
23 silly fetchPackageMetaData   code: 'ENOENT',
23 silly fetchPackageMetaData   syscall: 'open',
23 silly fetchPackageMetaData   path: 'C:\\Users\\lizhihui\\AppData\\Local\\Temp\\npm-4704-471ed1e3\\unpack-b2ce964e\\package.json' }
24 silly rollbackFailedOptional Starting
25 silly rollbackFailedOptional Finishing
26 silly runTopLevelLifecycles Finishing
27 silly install printInstalled
28 verbose stack Error: ENOENT: no such file or directory, open 'C:\Users\lizhihui\AppData\Local\Temp\npm-4704-471ed1e3\unpack-b2ce964e\package.json'
28 verbose stack     at Error (native)
29 verbose cwd E:\software\WebStorm 10.0.4\WebstormProjects\nodejs
30 error Windows_NT 10.0.10586
31 error argv "E:\\software\\nodejs\\nodejs\\node.exe" "E:\\software\\nodejs\\nodejs\\node_modules\\npm\\bin\\npm-cli.js" "install" "./models/user.js"
32 error node v6.11.2
33 error npm  v3.10.10
34 error path C:\Users\lizhihui\AppData\Local\Temp\npm-4704-471ed1e3\unpack-b2ce964e\package.json
35 error code ENOENT
36 error errno -4058
37 error syscall open
38 error enoent ENOENT: no such file or directory, open 'C:\Users\lizhihui\AppData\Local\Temp\npm-4704-471ed1e3\unpack-b2ce964e\package.json'
39 error enoent ENOENT: no such file or directory, open 'C:\Users\lizhihui\AppData\Local\Temp\npm-4704-471ed1e3\unpack-b2ce964e\package.json'
39 error enoent This is most likely not a problem with npm itself
39 error enoent and is related to npm not being able to find a file.
40 verbose exit [ -4058, true ]
